2024-03-18 01:36:53,696 [INFO] Activator:177 - 


2024-03-18 01:36:53,698 [INFO] Activator:178 - !SESSION log4j initialized
2024-03-18 01:36:58,718 [INFO] McuFinderGlobals:39 - Set McuFinder mode to 2 (CubeIDE integrated)
2024-03-18 01:37:00,092 [INFO] ApplicationProperties:181 - Using Application install path: D:\STM32CubeIDE_1.7.0\STM32CubeIDE\plugins\com.st.stm32cube.common.mx_6.3.0.202107141111
2024-03-18 01:37:00,104 [INFO] DbMcusXml:74 - Set database path to: D:\STM32CubeIDE_1.7.0\STM32CubeIDE\plugins\com.st.stm32cube.common.mx_6.3.0.202107141111\\db\/mcu/
2024-03-18 01:37:00,107 [INFO] DbBoardsPdsc:56 - Set plugin database path to: D:\STM32CubeIDE_1.7.0\STM32CubeIDE\plugins\com.st.stm32cube.common.mx_6.3.0.202107141111\\db\/plugins/boardmanager/
2024-03-18 01:37:00,107 [INFO] DbMcus:258 - Set plugin images path to: D:\STM32CubeIDE_1.7.0\STM32CubeIDE\plugins\com.st.stm32cube.common.mx_6.3.0.202107141111\\db\/plugins/mcufinder/images/
2024-03-18 01:37:00,108 [INFO] DbBoards:264 - Set plugin images path to: D:\STM32CubeIDE_1.7.0\STM32CubeIDE\plugins\com.st.stm32cube.common.mx_6.3.0.202107141111\\db\/plugins/mcufinder/images/
2024-03-18 01:37:00,110 [INFO] DbExamples:333 - Set plugin images path to: D:\STM32CubeIDE_1.7.0\STM32CubeIDE\plugins\com.st.stm32cube.common.mx_6.3.0.202107141111\\db\/plugins/mcufinder/images/
2024-03-18 01:37:00,115 [INFO] DbMcusAds:119 - Set database path to: C:\Users\HP\.stmcufinder\plugins\mcufinder//mcu/
2024-03-18 01:37:00,115 [INFO] DbMcusDocs:110 - Set database path to: C:\Users\HP\.stmcufinder\plugins\mcufinder//mcu/
2024-03-18 01:37:00,118 [INFO] DbMcusJson:64 - Set database path to: C:\Users\HP\.stmcufinder\plugins\mcufinder//mcu/
2024-03-18 01:37:00,119 [INFO] DbBoardsDocs:110 - Set database path to: C:\Users\HP\.stmcufinder\plugins\mcufinder//mcu/
2024-03-18 01:37:00,120 [INFO] DbBoardsJson:57 - Set database path to: C:\Users\HP\.stmcufinder\plugins\mcufinder//mcu/
2024-03-18 01:37:00,122 [INFO] CrossReferenceDbSqlite:196 - Set database path to: C:\Users\HP\.stmcufinder\plugins\mcufinder//mcu/cs/
2024-03-18 01:37:00,124 [INFO] DbExamplesSqlite:767 - Set database path to: C:\Users\HP\.stmcufinder\plugins\mcufinder//mcu/
2024-03-18 01:37:00,234 [INFO] RulesReader:57 - Compatibility file has been processed (242 Rules)
2024-03-18 01:37:00,321 [INFO] DbMcusXml:74 - Set database path to: D:\STM32CubeIDE_1.7.0\STM32CubeIDE\plugins\com.st.stm32cube.common.mx_6.3.0.202107141111\\db\/mcu/
2024-03-18 01:37:00,322 [INFO] DbBoardsPdsc:56 - Set plugin database path to: D:\STM32CubeIDE_1.7.0\STM32CubeIDE\plugins\com.st.stm32cube.common.mx_6.3.0.202107141111\\db\/plugins/boardmanager/
2024-03-18 01:37:00,322 [INFO] DbMcus:258 - Set plugin images path to: D:\STM32CubeIDE_1.7.0\STM32CubeIDE\plugins\com.st.stm32cube.common.mx_6.3.0.202107141111\\db\/plugins/mcufinder/images/
2024-03-18 01:37:00,323 [INFO] DbBoards:264 - Set plugin images path to: D:\STM32CubeIDE_1.7.0\STM32CubeIDE\plugins\com.st.stm32cube.common.mx_6.3.0.202107141111\\db\/plugins/mcufinder/images/
2024-03-18 01:37:00,323 [INFO] DbExamples:333 - Set plugin images path to: D:\STM32CubeIDE_1.7.0\STM32CubeIDE\plugins\com.st.stm32cube.common.mx_6.3.0.202107141111\\db\/plugins/mcufinder/images/
2024-03-18 01:37:00,323 [WARN] DbFile:35 - Overriding database path with different value: C:\Users\HP\.stmcufinder\plugins\mcufinder/ => C:\Users\HP\.stmcufinder\plugins\mcufinder
2024-03-18 01:37:00,323 [INFO] DbMcusAds:119 - Set database path to: C:\Users\HP\.stmcufinder\plugins\mcufinder//mcu/
2024-03-18 01:37:00,323 [WARN] DbFile:35 - Overriding database path with different value: C:\Users\HP\.stmcufinder\plugins\mcufinder/ => C:\Users\HP\.stmcufinder\plugins\mcufinder
2024-03-18 01:37:00,323 [INFO] DbMcusDocs:110 - Set database path to: C:\Users\HP\.stmcufinder\plugins\mcufinder//mcu/
2024-03-18 01:37:00,323 [WARN] DbFile:35 - Overriding database path with different value: C:\Users\HP\.stmcufinder\plugins\mcufinder/ => C:\Users\HP\.stmcufinder\plugins\mcufinder
2024-03-18 01:37:00,323 [INFO] DbMcusJson:64 - Set database path to: C:\Users\HP\.stmcufinder\plugins\mcufinder//mcu/
2024-03-18 01:37:00,323 [WARN] DbFile:35 - Overriding database path with different value: C:\Users\HP\.stmcufinder\plugins\mcufinder/ => C:\Users\HP\.stmcufinder\plugins\mcufinder
2024-03-18 01:37:00,323 [INFO] DbBoardsDocs:110 - Set database path to: C:\Users\HP\.stmcufinder\plugins\mcufinder//mcu/
2024-03-18 01:37:00,324 [WARN] DbFile:35 - Overriding database path with different value: C:\Users\HP\.stmcufinder\plugins\mcufinder/ => C:\Users\HP\.stmcufinder\plugins\mcufinder
2024-03-18 01:37:00,324 [INFO] DbBoardsJson:57 - Set database path to: C:\Users\HP\.stmcufinder\plugins\mcufinder//mcu/
2024-03-18 01:37:00,324 [WARN] DbFile:35 - Overriding database path with different value: C:\Users\HP\.stmcufinder\plugins\mcufinder/ => C:\Users\HP\.stmcufinder\plugins\mcufinder
2024-03-18 01:37:00,324 [WARN] DbFile:35 - Overriding database path with different value: C:\Users\HP\.stmcufinder\plugins\mcufinder/ => C:\Users\HP\.stmcufinder\plugins\mcufinder
2024-03-18 01:37:00,324 [INFO] CrossReferenceDbSqlite:196 - Set database path to: C:\Users\HP\.stmcufinder\plugins\mcufinder//mcu/cs/
2024-03-18 01:37:00,324 [WARN] DbFile:35 - Overriding database path with different value: C:\Users\HP\.stmcufinder\plugins\mcufinder/ => C:\Users\HP\.stmcufinder\plugins\mcufinder
2024-03-18 01:37:00,324 [INFO] DbExamplesSqlite:767 - Set database path to: C:\Users\HP\.stmcufinder\plugins\mcufinder//mcu/
2024-03-18 01:37:00,395 [INFO] MainPanel:214 - HeapMemory: 268435456
2024-03-18 01:37:00,484 [INFO] DbMcusXml:74 - Set database path to: D:\STM32CubeIDE_1.7.0\STM32CubeIDE\plugins\com.st.stm32cube.common.mx_6.3.0.202107141111\\db\/mcu/
2024-03-18 01:37:00,484 [INFO] DbBoardsPdsc:56 - Set plugin database path to: D:\STM32CubeIDE_1.7.0\STM32CubeIDE\plugins\com.st.stm32cube.common.mx_6.3.0.202107141111\\db\/plugins/boardmanager/
2024-03-18 01:37:00,485 [INFO] DbMcus:258 - Set plugin images path to: D:\STM32CubeIDE_1.7.0\STM32CubeIDE\plugins\com.st.stm32cube.common.mx_6.3.0.202107141111\\db\/plugins/mcufinder/images/
2024-03-18 01:37:00,485 [INFO] DbBoards:264 - Set plugin images path to: D:\STM32CubeIDE_1.7.0\STM32CubeIDE\plugins\com.st.stm32cube.common.mx_6.3.0.202107141111\\db\/plugins/mcufinder/images/
2024-03-18 01:37:00,485 [INFO] DbExamples:333 - Set plugin images path to: D:\STM32CubeIDE_1.7.0\STM32CubeIDE\plugins\com.st.stm32cube.common.mx_6.3.0.202107141111\\db\/plugins/mcufinder/images/
2024-03-18 01:37:00,485 [WARN] DbFile:35 - Overriding database path with different value: C:\Users\HP\.stmcufinder\plugins\mcufinder/ => C:\Users\HP\.stmcufinder\plugins\mcufinder
2024-03-18 01:37:00,485 [INFO] DbMcusAds:119 - Set database path to: C:\Users\HP\.stmcufinder\plugins\mcufinder//mcu/
2024-03-18 01:37:00,485 [WARN] DbFile:35 - Overriding database path with different value: C:\Users\HP\.stmcufinder\plugins\mcufinder/ => C:\Users\HP\.stmcufinder\plugins\mcufinder
2024-03-18 01:37:00,486 [INFO] DbMcusDocs:110 - Set database path to: C:\Users\HP\.stmcufinder\plugins\mcufinder//mcu/
2024-03-18 01:37:00,486 [WARN] DbFile:35 - Overriding database path with different value: C:\Users\HP\.stmcufinder\plugins\mcufinder/ => C:\Users\HP\.stmcufinder\plugins\mcufinder
2024-03-18 01:37:00,486 [INFO] DbMcusJson:64 - Set database path to: C:\Users\HP\.stmcufinder\plugins\mcufinder//mcu/
2024-03-18 01:37:00,486 [WARN] DbFile:35 - Overriding database path with different value: C:\Users\HP\.stmcufinder\plugins\mcufinder/ => C:\Users\HP\.stmcufinder\plugins\mcufinder
2024-03-18 01:37:00,486 [INFO] DbBoardsDocs:110 - Set database path to: C:\Users\HP\.stmcufinder\plugins\mcufinder//mcu/
2024-03-18 01:37:00,486 [WARN] DbFile:35 - Overriding database path with different value: C:\Users\HP\.stmcufinder\plugins\mcufinder/ => C:\Users\HP\.stmcufinder\plugins\mcufinder
2024-03-18 01:37:00,486 [INFO] DbBoardsJson:57 - Set database path to: C:\Users\HP\.stmcufinder\plugins\mcufinder//mcu/
2024-03-18 01:37:00,486 [WARN] DbFile:35 - Overriding database path with different value: C:\Users\HP\.stmcufinder\plugins\mcufinder/ => C:\Users\HP\.stmcufinder\plugins\mcufinder
2024-03-18 01:37:00,486 [WARN] DbFile:35 - Overriding database path with different value: C:\Users\HP\.stmcufinder\plugins\mcufinder/ => C:\Users\HP\.stmcufinder\plugins\mcufinder
2024-03-18 01:37:00,486 [INFO] CrossReferenceDbSqlite:196 - Set database path to: C:\Users\HP\.stmcufinder\plugins\mcufinder//mcu/cs/
2024-03-18 01:37:00,486 [WARN] DbFile:35 - Overriding database path with different value: C:\Users\HP\.stmcufinder\plugins\mcufinder/ => C:\Users\HP\.stmcufinder\plugins\mcufinder
2024-03-18 01:37:00,486 [INFO] DbExamplesSqlite:767 - Set database path to: C:\Users\HP\.stmcufinder\plugins\mcufinder//mcu/
2024-03-18 01:37:00,505 [INFO] ApplicationProperties:181 - Using Application install path: D:\STM32CubeIDE_1.7.0\STM32CubeIDE\plugins\com.st.stm32cube.common.mx_6.3.0.202107141111
2024-03-18 01:37:00,506 [INFO] PluginManage:188 - Search for loadable plugins [exclusion list=, ]
2024-03-18 01:37:00,508 [INFO] PluginManage:302 - Check plugin analytics
2024-03-18 01:37:05,161 [INFO] AnalyticsPlugin:257 - Accepted Software Licenses: 
2024-03-18 01:37:05,161 [INFO] AnalyticsPlugin:259 - Accepted CMSIS Pack Licenses: 
2024-03-18 01:37:05,161 [INFO] AnalyticsPlugin:261 - Accepted Firmware Licenses: 
2024-03-18 01:37:05,162 [INFO] PluginManage:352 - Loaded plugin analytics (category:tool,tabindex:-1)
2024-03-18 01:37:05,162 [INFO] PluginManage:302 - Check plugin clock
2024-03-18 01:37:05,171 [INFO] PluginManage:352 - Loaded plugin clock (category:base,tabindex:2)
2024-03-18 01:37:05,171 [INFO] PluginManage:302 - Check plugin ddr
2024-03-18 01:37:05,174 [INFO] PluginManage:352 - Loaded plugin ddr (category:tool,tabindex:6)
2024-03-18 01:37:05,174 [INFO] PluginManage:302 - Check plugin filemanager
2024-03-18 01:37:05,324 [INFO] PluginManage:352 - Loaded plugin filemanager (category:base,tabindex:10)
2024-03-18 01:37:05,324 [INFO] PluginManage:302 - Check plugin ipmanager
2024-03-18 01:37:05,333 [INFO] PluginManage:352 - Loaded plugin ipmanager (category:base,tabindex:5)
2024-03-18 01:37:05,333 [INFO] PluginManage:302 - Check plugin pinoutandconfiguration
2024-03-18 01:37:05,340 [INFO] PluginManage:352 - Loaded plugin pinoutandconfiguration (category:base,tabindex:1)
2024-03-18 01:37:05,340 [INFO] PluginManage:302 - Check plugin pinoutconfig
2024-03-18 01:37:05,364 [INFO] PluginManage:352 - Loaded plugin pinoutconfig (category:base,tabindex:0)
2024-03-18 01:37:05,364 [INFO] PluginManage:302 - Check plugin power
2024-03-18 01:37:05,372 [INFO] PluginManage:352 - Loaded plugin power (category:power,tabindex:4)
2024-03-18 01:37:05,372 [INFO] PluginManage:302 - Check plugin projectmanager
2024-03-18 01:37:05,388 [INFO] PluginManage:352 - Loaded plugin projectmanager (category:projectmanager,tabindex:3)
2024-03-18 01:37:05,388 [INFO] PluginManage:302 - Check plugin thirdparty
2024-03-18 01:37:05,495 [WARN] IntegrityCheckThread:78 - waiting for thirdparty lock release [integrity check]
2024-03-18 01:37:05,495 [INFO] PluginManage:352 - Loaded plugin thirdparty (category:base,tabindex:-1)
2024-03-18 01:37:05,496 [INFO] IntegrityCheckThread:80 - entering critical section [integrity check]
2024-03-18 01:37:05,497 [INFO] PluginManage:302 - Check plugin tools
2024-03-18 01:37:05,497 [INFO] ThirdPartyUpdaterWithRetryManager:66 - Updater plugin not ready yet. [1/15]
2024-03-18 01:37:05,498 [INFO] PluginManage:352 - Loaded plugin tools (category:base,tabindex:7)
2024-03-18 01:37:05,498 [INFO] PluginManage:302 - Check plugin tutovideos
2024-03-18 01:37:05,697 [INFO] PluginManage:352 - Loaded plugin tutovideos (category:base,tabindex:-1)
2024-03-18 01:37:05,697 [INFO] PluginManage:302 - Check plugin updater
2024-03-18 01:37:05,711 [INFO] PluginManage:352 - Loaded plugin updater (category:base,tabindex:12)
2024-03-18 01:37:05,711 [INFO] PluginManage:275 - PluginManage : Loaded plugins [13]
2024-03-18 01:37:05,880 [INFO] PinOutPanel:1463 - setPackage(No Configuration,No Configuration)
2024-03-18 01:37:05,963 [INFO] IPUIPlugin:74 - create IPUIPlugin
2024-03-18 01:37:05,963 [INFO] PluginManager:213 - loadIPPluginJar : add adc
2024-03-18 01:37:05,966 [INFO] IPUIPlugin:74 - create IPUIPlugin
2024-03-18 01:37:05,966 [INFO] PluginManager:213 - loadIPPluginJar : add aes
2024-03-18 01:37:05,968 [INFO] IPUIPlugin:74 - create IPUIPlugin
2024-03-18 01:37:05,969 [INFO] PluginManager:213 - loadIPPluginJar : add can
2024-03-18 01:37:05,970 [INFO] IPUIPlugin:74 - create IPUIPlugin
2024-03-18 01:37:05,970 [INFO] PluginManager:213 - loadIPPluginJar : add comp
2024-03-18 01:37:05,973 [INFO] IPUIPlugin:74 - create IPUIPlugin
2024-03-18 01:37:05,973 [INFO] PluginManager:213 - loadIPPluginJar : add cryp
2024-03-18 01:37:05,974 [INFO] IPUIPlugin:74 - create IPUIPlugin
2024-03-18 01:37:05,974 [INFO] PluginManager:213 - loadIPPluginJar : add dfsdm
2024-03-18 01:37:05,979 [INFO] IPUIPlugin:74 - create IPUIPlugin
2024-03-18 01:37:05,980 [INFO] PluginManager:213 - loadIPPluginJar : add dma
2024-03-18 01:37:05,981 [INFO] IPUIPlugin:74 - create IPUIPlugin
2024-03-18 01:37:05,982 [INFO] PluginManager:213 - loadIPPluginJar : add dma3
2024-03-18 01:37:05,983 [INFO] IPUIPlugin:74 - create IPUIPlugin
2024-03-18 01:37:05,984 [INFO] PluginManager:213 - loadIPPluginJar : add fatfs
2024-03-18 01:37:05,988 [INFO] IPUIPlugin:74 - create IPUIPlugin
2024-03-18 01:37:05,988 [INFO] PluginManager:213 - loadIPPluginJar : add fmc
2024-03-18 01:37:05,994 [INFO] IPUIPlugin:74 - create IPUIPlugin
2024-03-18 01:37:05,994 [INFO] PluginManager:213 - loadIPPluginJar : add freertos
2024-03-18 01:37:05,995 [INFO] IPUIPlugin:74 - create IPUIPlugin
2024-03-18 01:37:05,995 [INFO] PluginManager:213 - loadIPPluginJar : add genericplugin
2024-03-18 01:37:05,997 [INFO] IPUIPlugin:74 - create IPUIPlugin
2024-03-18 01:37:05,997 [INFO] PluginManager:213 - loadIPPluginJar : add gfxmmu
2024-03-18 01:37:06,001 [INFO] IPUIPlugin:74 - create IPUIPlugin
2024-03-18 01:37:06,001 [INFO] PluginManager:213 - loadIPPluginJar : add gic
2024-03-18 01:37:06,004 [INFO] IPUIPlugin:74 - create IPUIPlugin
2024-03-18 01:37:06,004 [INFO] PluginManager:213 - loadIPPluginJar : add gpio
2024-03-18 01:37:06,006 [INFO] IPUIPlugin:74 - create IPUIPlugin
2024-03-18 01:37:06,006 [INFO] PluginManager:213 - loadIPPluginJar : add gtzc
2024-03-18 01:37:06,007 [INFO] IPUIPlugin:74 - create IPUIPlugin
2024-03-18 01:37:06,008 [INFO] PluginManager:213 - loadIPPluginJar : add hash
2024-03-18 01:37:06,010 [INFO] IPUIPlugin:74 - create IPUIPlugin
2024-03-18 01:37:06,010 [INFO] PluginManager:213 - loadIPPluginJar : add i2c
2024-03-18 01:37:06,013 [INFO] IPUIPlugin:74 - create IPUIPlugin
2024-03-18 01:37:06,013 [INFO] PluginManager:213 - loadIPPluginJar : add i2s
2024-03-18 01:37:06,016 [INFO] IPUIPlugin:74 - create IPUIPlugin
2024-03-18 01:37:06,017 [INFO] PluginManager:213 - loadIPPluginJar : add ipddr
2024-03-18 01:37:06,022 [INFO] IPUIPlugin:74 - create IPUIPlugin
2024-03-18 01:37:06,022 [INFO] PluginManager:213 - loadIPPluginJar : add linkedlist
2024-03-18 01:37:06,024 [INFO] IPUIPlugin:74 - create IPUIPlugin
2024-03-18 01:37:06,024 [INFO] PluginManager:213 - loadIPPluginJar : add lorawan
2024-03-18 01:37:06,025 [INFO] IPUIPlugin:74 - create IPUIPlugin
2024-03-18 01:37:06,025 [INFO] PluginManager:213 - loadIPPluginJar : add ltdc
2024-03-18 01:37:06,029 [INFO] IPUIPlugin:74 - create IPUIPlugin
2024-03-18 01:37:06,029 [INFO] PluginManager:213 - loadIPPluginJar : add mdma
2024-03-18 01:37:06,032 [INFO] IPUIPlugin:74 - create IPUIPlugin
2024-03-18 01:37:06,032 [INFO] PluginManager:213 - loadIPPluginJar : add nvic
2024-03-18 01:37:06,034 [INFO] IPUIPlugin:74 - create IPUIPlugin
2024-03-18 01:37:06,034 [INFO] PluginManager:213 - loadIPPluginJar : add opamp
2024-03-18 01:37:06,036 [INFO] IPUIPlugin:74 - create IPUIPlugin
2024-03-18 01:37:06,037 [INFO] PluginManager:213 - loadIPPluginJar : add openamp
2024-03-18 01:37:06,038 [INFO] IPUIPlugin:74 - create IPUIPlugin
2024-03-18 01:37:06,039 [INFO] PluginManager:213 - loadIPPluginJar : add pdm2pcm
2024-03-18 01:37:06,043 [INFO] IPUIPlugin:74 - create IPUIPlugin
2024-03-18 01:37:06,046 [INFO] PluginManager:213 - loadIPPluginJar : add plateformsettings
2024-03-18 01:37:06,047 [INFO] IPUIPlugin:74 - create IPUIPlugin
2024-03-18 01:37:06,047 [INFO] PluginManager:213 - loadIPPluginJar : add quadspi
2024-03-18 01:37:06,051 [INFO] IPUIPlugin:74 - create IPUIPlugin
2024-03-18 01:37:06,052 [INFO] PluginManager:213 - loadIPPluginJar : add resmgrutility
2024-03-18 01:37:06,055 [INFO] IPUIPlugin:74 - create IPUIPlugin
2024-03-18 01:37:06,055 [INFO] PluginManager:213 - loadIPPluginJar : add sai
2024-03-18 01:37:06,056 [INFO] IPUIPlugin:74 - create IPUIPlugin
2024-03-18 01:37:06,057 [INFO] PluginManager:213 - loadIPPluginJar : add spi
2024-03-18 01:37:06,060 [INFO] IPUIPlugin:74 - create IPUIPlugin
2024-03-18 01:37:06,061 [INFO] PluginManager:213 - loadIPPluginJar : add stm32_wpan
2024-03-18 01:37:06,062 [INFO] IPUIPlugin:74 - create IPUIPlugin
2024-03-18 01:37:06,062 [INFO] PluginManager:213 - loadIPPluginJar : add tim
2024-03-18 01:37:06,065 [INFO] IPUIPlugin:74 - create IPUIPlugin
2024-03-18 01:37:06,065 [INFO] PluginManager:213 - loadIPPluginJar : add touchsensing
2024-03-18 01:37:06,066 [INFO] IPUIPlugin:74 - create IPUIPlugin
2024-03-18 01:37:06,066 [INFO] PluginManager:213 - loadIPPluginJar : add tracer_emb
2024-03-18 01:37:06,068 [INFO] IPUIPlugin:74 - create IPUIPlugin
2024-03-18 01:37:06,068 [INFO] PluginManager:213 - loadIPPluginJar : add ts
2024-03-18 01:37:06,069 [INFO] IPUIPlugin:74 - create IPUIPlugin
2024-03-18 01:37:06,069 [INFO] PluginManager:213 - loadIPPluginJar : add tsc
2024-03-18 01:37:06,070 [INFO] IPUIPlugin:74 - create IPUIPlugin
2024-03-18 01:37:06,070 [INFO] PluginManager:213 - loadIPPluginJar : add ucpd
2024-03-18 01:37:06,072 [INFO] IPUIPlugin:74 - create IPUIPlugin
2024-03-18 01:37:06,072 [INFO] PluginManager:213 - loadIPPluginJar : add usart
2024-03-18 01:37:06,074 [INFO] IPUIPlugin:74 - create IPUIPlugin
2024-03-18 01:37:06,074 [INFO] PluginManager:213 - loadIPPluginJar : add usbx
2024-03-18 01:37:06,379 [FATAL] Updater:294 - Updater called before beeing initialized
2024-03-18 01:37:06,483 [FATAL] Updater:294 - Updater called before beeing initialized
2024-03-18 01:37:06,486 [INFO] DbMcusAds:47 - JSON generation date=Wed Nov 29 17:52:27 ICT 2023 (1701255147349)
2024-03-18 01:37:06,487 [FATAL] Updater:294 - Updater called before beeing initialized
2024-03-18 01:37:06,521 [WARN] DetailPanel:314 - Failed to get advertising image, set to default
2024-03-18 01:37:06,650 [FATAL] Updater:294 - Updater called before beeing initialized
2024-03-18 01:37:06,653 [FATAL] Updater:294 - Updater called before beeing initialized
2024-03-18 01:37:06,653 [FATAL] Updater:294 - Updater called before beeing initialized
2024-03-18 01:37:06,654 [WARN] DetailPanel:314 - Failed to get advertising image, set to default
2024-03-18 01:37:06,656 [FATAL] Updater:294 - Updater called before beeing initialized
2024-03-18 01:37:06,733 [ERROR] Updater:1075 - MainUpdater not yet initialized. External WinMGr cannot be set.
2024-03-18 01:37:06,735 [INFO] Updater:1012 - Updater Version found : 6.3.0
2024-03-18 01:37:06,753 [INFO] ApplicationProperties:181 - Using Application install path: D:\STM32CubeIDE_1.7.0\STM32CubeIDE\plugins\com.st.stm32cube.common.mx_6.3.0.202107141111
2024-03-18 01:37:07,004 [INFO] MainUpdater:2671 - connection check result : 10
2024-03-18 01:37:07,006 [INFO] MainUpdater:265 - Updater Check For Update Now.
2024-03-18 01:37:07,006 [INFO] MicroXplorer:478 - Change Database Version : DB.6.0.30
2024-03-18 01:37:07,167 [INFO] CheckServerUpdateThread:112 - End of CheckServer Thread
2024-03-18 01:37:07,243 [INFO] MainUpdater:2671 - connection check result : 10
2024-03-18 01:37:08,633 [ERROR] Engine:463 - C:\Users\HP\.stm32cubemx\thirdparties\pdsc\STMicroelectronics.X-CUBE-SMBUS.2.1.0.pdsc: PDSC version is not supported
2024-03-18 01:37:08,664 [WARN] PackLoader:238 - Cannot read IP mode file for STMicroelectronics.X-CUBE-TOUCHGFX.4.23.0
2024-03-18 01:37:08,703 [WARN] PackLoader:238 - Cannot read IP mode file for STMicroelectronics.X-CUBE-AZRTOS-F7.1.1.0
2024-03-18 01:37:08,716 [ERROR] Engine:463 - C:\Users\HP\.stm32cubemx\thirdparties\pdsc\STMicroelectronics.FP-SNS-MOTENV1.4.3.2.pdsc: PDSC version is not supported
2024-03-18 01:37:08,718 [ERROR] Engine:463 - C:\Users\HP\.stm32cubemx\thirdparties\pdsc\STMicroelectronics.FP-SNS-FLIGHT1.5.0.2.pdsc: PDSC version is not supported
2024-03-18 01:37:08,721 [ERROR] Engine:463 - C:\Users\HP\.stm32cubemx\thirdparties\pdsc\STMicroelectronics.X-CUBE-DISPLAY.3.0.0.pdsc: PDSC version is not supported
2024-03-18 01:37:08,729 [WARN] PackLoader:238 - Cannot read IP mode file for STMicroelectronics.X-CUBE-BLE1.7.0.0
2024-03-18 01:37:08,733 [ERROR] Engine:463 - C:\Users\HP\.stm32cubemx\thirdparties\pdsc\emotas.I-CUBE-CANOPEN.1.3.0.pdsc: PDSC version is not supported
2024-03-18 01:37:08,735 [ERROR] Engine:463 - C:\Users\HP\.stm32cubemx\thirdparties\pdsc\STMicroelectronics.X-CUBE-BLEMGR.3.1.0.pdsc: PDSC version is not supported
2024-03-18 01:37:08,737 [ERROR] Engine:463 - C:\Users\HP\.stm32cubemx\thirdparties\pdsc\STMicroelectronics.FP-SNS-SMARTAG2.1.2.0.pdsc: PDSC version is not supported
2024-03-18 01:37:08,750 [INFO] LogOutputStream:76 - [STDOUT_REDIRECT] 1 : Invalid condition id : UX_CORESTACK_Condition cause : null
2024-03-18 01:37:08,751 [INFO] LogOutputStream:76 - [STDOUT_REDIRECT] 1 : Invalid condition id : UX_CORESTACK_Condition cause : null
2024-03-18 01:37:08,752 [INFO] LogOutputStream:76 - [STDOUT_REDIRECT] 1 : Invalid condition id : UX_CORESTACK_Condition cause : null
2024-03-18 01:37:08,753 [INFO] LogOutputStream:76 - [STDOUT_REDIRECT] 1 : Invalid condition id : UX_CORESTACK_Condition cause : null
2024-03-18 01:37:08,754 [INFO] LogOutputStream:76 - [STDOUT_REDIRECT] 1 : Invalid condition id : UX_CORESTACK_Condition cause : null
2024-03-18 01:37:08,757 [WARN] PackLoader:238 - Cannot read IP mode file for STMicroelectronics.X-CUBE-AZRTOS-WL.2.0.0
2024-03-18 01:37:08,767 [WARN] PackLoader:238 - Cannot read IP mode file for WES.I-CUBE-Cesium.1.3.0
2024-03-18 01:37:08,772 [WARN] PackLoader:238 - Cannot read IP mode file for STMicroelectronics.X-CUBE-BLE2.3.3.0
2024-03-18 01:37:08,780 [WARN] PackLoader:238 - Cannot read IP mode file for STMicroelectronics.X-CUBE-ALGOBUILD.1.3.0
2024-03-18 01:37:08,801 [WARN] PackLoader:238 - Cannot read IP mode file for STMicroelectronics.X-CUBE-AZRTOS-G0.1.1.0
2024-03-18 01:37:08,809 [WARN] PackLoader:238 - Cannot read IP mode file for STMicroelectronics.X-CUBE-NFC4.3.0.0
2024-03-18 01:37:08,815 [WARN] PackLoader:238 - Cannot read IP mode file for STMicroelectronics.FP-ATR-SIGFOX1.3.2.0
2024-03-18 01:37:08,822 [WARN] PackLoader:238 - Cannot read IP mode file for STMicroelectronics.X-CUBE-EEPRMA1.5.1.0
2024-03-18 01:37:08,858 [WARN] PackLoader:238 - Cannot read IP mode file for SEGGER.I-CUBE-embOS.1.3.1
2024-03-18 01:37:08,904 [WARN] PackLoader:238 - Cannot read IP mode file for STMicroelectronics.X-CUBE-GNSS1.6.0.0
2024-03-18 01:37:08,922 [WARN] PackLoader:238 - Cannot read IP mode file for STMicroelectronics.X-CUBE-AZRTOS-F4.1.1.0
2024-03-18 01:37:08,929 [WARN] PackLoader:238 - Cannot read IP mode file for wolfSSL.I-CUBE-wolfSSL.5.6.6
2024-03-18 01:37:08,949 [WARN] PackLoader:238 - Cannot read IP mode file for STMicroelectronics.X-CUBE-AZRTOS-L5.2.0.0
2024-03-18 01:37:08,954 [ERROR] Engine:463 - C:\Users\HP\.stm32cubemx\thirdparties\pdsc\ITTIA_DB.I-CUBE-ITTIADB.8.8.0.pdsc: PDSC version is not supported
2024-03-18 01:37:08,958 [WARN] PackLoader:238 - Cannot read IP mode file for STMicroelectronics.X-CUBE-NFC7.1.0.1
2024-03-18 01:37:08,965 [WARN] PackLoader:238 - Cannot read IP mode file for STMicroelectronics.X-CUBE-NFC6.3.0.0
2024-03-18 01:37:08,971 [WARN] PackLoader:238 - Cannot read IP mode file for STMicroelectronics.X-CUBE-AI.8.1.0
2024-03-18 01:37:08,987 [WARN] ConditionMgr:437 - getConditionDescription Invalid condition id : LAN8742 Phy interface Condition cause : null
2024-03-18 01:37:08,988 [WARN] PackLoader:238 - Cannot read IP mode file for STMicroelectronics.X-CUBE-AZRTOS-L4.2.0.0
2024-03-18 01:37:08,989 [WARN] ConditionMgr:1038 - genDependencies : Invalid condition id : LAN8742 Phy interface Condition cause : null
2024-03-18 01:37:08,989 [WARN] ConditionMgr:1038 - genDependencies : Invalid condition id : LAN8742 Phy interface Condition cause : null
2024-03-18 01:37:08,990 [WARN] ConditionMgr:1038 - genDependencies : Invalid condition id : LAN8742 Phy interface Condition cause : null
2024-03-18 01:37:08,997 [WARN] PackLoader:238 - Cannot read IP mode file for STMicroelectronics.X-CUBE-SFXS2LP1.4.0.0
2024-03-18 01:37:09,009 [WARN] ConditionMgr:437 - getConditionDescription Invalid condition id : UX DEVICE CLASS RTOS Condition cause : null
2024-03-18 01:37:09,010 [WARN] ConditionMgr:437 - getConditionDescription Invalid condition id : UX DEVICE CLASS RTOS Condition cause : null
2024-03-18 01:37:09,012 [WARN] PackLoader:238 - Cannot read IP mode file for STMicroelectronics.X-CUBE-AZRTOS-WB.2.0.0
2024-03-18 01:37:09,012 [WARN] ConditionMgr:1038 - genDependencies : Invalid condition id : UX DEVICE CLASS RTOS Condition cause : null
2024-03-18 01:37:09,012 [WARN] ConditionMgr:1038 - genDependencies : Invalid condition id : UX DEVICE CLASS RTOS Condition cause : null
2024-03-18 01:37:09,013 [WARN] ConditionMgr:1038 - genDependencies : Invalid condition id : UX DEVICE CLASS RTOS Condition cause : null
2024-03-18 01:37:09,013 [WARN] ConditionMgr:1038 - genDependencies : Invalid condition id : UX DEVICE CLASS RTOS Condition cause : null
2024-03-18 01:37:09,013 [WARN] ConditionMgr:1038 - genDependencies : Invalid condition id : UX DEVICE CLASS RTOS Condition cause : null
2024-03-18 01:37:09,023 [WARN] PackLoader:238 - Cannot read IP mode file for STMicroelectronics.X-CUBE-SUBG2.5.0.0
2024-03-18 01:37:09,042 [WARN] PackLoader:238 - Cannot read IP mode file for STMicroelectronics.X-CUBE-AZRTOS-G4.2.0.0
2024-03-18 01:37:09,049 [ERROR] Engine:463 - C:\Users\HP\.stm32cubemx\thirdparties\pdsc\Infineon.AIROC-Wi-Fi-Bluetooth-STM32.1.5.1.pdsc: PDSC version is not supported
2024-03-18 01:37:09,051 [ERROR] Engine:463 - C:\Users\HP\.stm32cubemx\thirdparties\pdsc\STMicroelectronics.FP-SNS-MOTENVWB1.1.3.1.pdsc: PDSC version is not supported
2024-03-18 01:37:09,054 [WARN] PackLoader:238 - Cannot read IP mode file for STMicroelectronics.X-CUBE-ISPU.2.0.0
2024-03-18 01:37:09,099 [WARN] PackLoader:238 - Cannot read IP mode file for STMicroelectronics.X-CUBE-MEMS1.10.0.0
2024-03-18 01:37:09,260 [ERROR] Engine:463 - C:\Users\HP\.stm32cubemx\thirdparties\pdsc\STMicroelectronics.X-CUBE-FREERTOS.1.1.0.pdsc: PDSC version is not supported
2024-03-18 01:37:09,267 [WARN] PackLoader:238 - Cannot read IP mode file for portGmbH.I-Cube-SoM-uGOAL.1.1.0
2024-03-18 01:37:09,271 [WARN] PackLoader:238 - Cannot read IP mode file for STMicroelectronics.X-CUBE-ALS.1.0.1
2024-03-18 01:37:09,275 [WARN] PackLoader:238 - Cannot read IP mode file for STMicroelectronics.FP-ATR-ASTRA1.2.0.0
2024-03-18 01:37:09,282 [ERROR] Engine:463 - C:\Users\HP\.stm32cubemx\thirdparties\pdsc\STMicroelectronics.X-CUBE-TOF1.3.4.1.pdsc: PDSC version is not supported
2024-03-18 01:37:09,316 [WARN] PackLoader:238 - Cannot read IP mode file for STMicroelectronics.X-CUBE-AZRTOS-H7.3.2.0
2024-03-18 01:37:09,320 [INFO] ThirdParty:915 - Integrity check success = true
2024-03-18 01:37:09,320 [INFO] IntegrityCheckThread:94 - exiting critical section [integrity check]
2024-03-18 01:37:09,320 [INFO] IntegrityCheckThread:97 - End integrity checks thread
2024-03-18 01:37:13,128 [INFO] MainUpdater:2671 - connection check result : 10
2024-03-18 01:37:13,152 [INFO] McuFinderGlobals:52 - Set McuFinderConnectedMode to false
2024-03-18 01:37:13,247 [INFO] CrossSelectorPresenter:1330 - Cross Selector saved comparison directory: C:\Users\HP\.stmcufinder\plugins\mcufinder\mcu\cs_comparisons_mx
2024-03-18 01:37:13,254 [INFO] MultiScanPanel:197 - Auto-refresh data requested => check proxy status ongoing
2024-03-18 01:37:13,254 [INFO] MultiScanPanel:201 - Proxy status is invalid
2024-03-18 01:37:13,256 [INFO] FinderPluginLoader:87 - Searching for filters in installed packs
2024-03-18 01:37:13,257 [INFO] DbMcusXml:100 - Load MCU database from D:\STM32CubeIDE_1.7.0\STM32CubeIDE\plugins\com.st.stm32cube.common.mx_6.3.0.202107141111\\db\/mcu/families.xml
2024-03-18 01:37:14,045 [INFO] DbMcusJson:93 - JSON generation date=Tue Nov 16 23:17:54 ICT 2021 (1637079474)
2024-03-18 01:37:14,720 [INFO] DbMcus:175 - Found 1951 MCUs (1903 are supported by CubeMX, 1914 are visible in CubeMX)
2024-03-18 01:37:14,720 [INFO] ApiDb:251 - Load user favorites file C:\Users\HP/.stm32cubeide/favorites.mcus.txt: 0 item(s)
2024-03-18 01:37:14,720 [INFO] ApiDb:255 - User favorites MCUs=[]
2024-03-18 01:37:14,720 [INFO] DbMcus:187 - Set 0 / 0 favorites MCUs
2024-03-18 01:37:15,164 [INFO] DetailPanel:309 - Set advertising image to C:/Users/HP/STM32Cube/Repository/\en.prom-stm32wl3-mcu-finder.jpg
2024-03-18 01:37:15,606 [INFO] DbBoardsPdsc:90 - Found 25 items
2024-03-18 01:37:15,609 [INFO] DbBoardsPdsc:90 - Found 9 items
2024-03-18 01:37:15,613 [INFO] DbBoardsPdsc:90 - Found 33 items
2024-03-18 01:37:15,615 [INFO] DbBoardsPdsc:90 - Found 1 items
2024-03-18 01:37:15,621 [INFO] DbBoardsPdsc:90 - Found 48 items
2024-03-18 01:37:15,628 [INFO] DbBoardsPdsc:90 - Found 43 items
2024-03-18 01:37:15,630 [INFO] DbBoardsPdsc:90 - Found 2 items
2024-03-18 01:37:15,632 [INFO] DbBoardsPdsc:90 - Found 5 items
2024-03-18 01:37:15,635 [WARN] DbBoardsPdsc:254 - Board STM32H7B3I-DK: unknown feature type=Audio, name=, username=Audio stereo codec with Headphone Amp (CS42L51-CNZ), n=1
2024-03-18 01:37:15,636 [WARN] DbBoardsPdsc:254 - Board STM32H735G-DK: unknown feature type=Audio, name=, username=Audio stereo codec with Headphone Amp (WM8994ECS/R), n=1
2024-03-18 01:37:15,637 [WARN] DbBoardsPdsc:254 - Board STM32H7B3I-EVAL: unknown feature type=Audio, name=, username=Multi-Channel Audio Codec (CS42L51-CNZ), n=1
2024-03-18 01:37:15,637 [WARN] DbBoardsPdsc:254 - Board STM32H7B3I-EVAL: unknown feature type=Meter, name=, username=Power-metering and Temperature-monitoring with sigma-delta modulators, n=1
2024-03-18 01:37:15,637 [WARN] DbBoardsPdsc:254 - Board STM32H7B3I-EVAL: unknown feature type=Motor, name=, username=Motor Control, n=1
2024-03-18 01:37:15,637 [WARN] DbBoardsPdsc:254 - Board STM32U575I-EV: unknown feature type=joystick, name=, username=4-direction joystick with selection button, n=1
2024-03-18 01:37:15,654 [INFO] DbBoardsJson:86 - JSON generation date=Tue Nov 16 23:17:54 ICT 2021 (1637079474)
2024-03-18 01:37:15,659 [INFO] DbBoards:117 - Found 167 boards (163 are supported by CubeMX)
2024-03-18 01:37:15,662 [INFO] DbBoardsDocs:143 - JSON generation date=Tue Nov 16 23:17:54 ICT 2021 (1637079474)
2024-03-18 01:37:15,665 [INFO] DbBoardsDocs:79 - Found 209 boards documents
2024-03-18 01:37:15,665 [WARN] DbBoards:127 - board B-L475E-IOT01A2 has no document id list !
2024-03-18 01:37:15,666 [WARN] DbBoards:127 - board NUCLEO-H743ZI has no document id list !
2024-03-18 01:37:15,667 [WARN] DbBoards:127 - board NUCLEO-WL55JC2 has no document id list !
2024-03-18 01:37:15,667 [WARN] DbBoards:127 - board P-NUCLEO-WB55-Nucleo has no document id list !
2024-03-18 01:37:15,667 [WARN] DbBoards:127 - board P-NUCLEO-WB55-USBDongle has no document id list !
2024-03-18 01:37:15,668 [WARN] DbBoards:127 - board STEVAL-BFA001V1B has no document id list !
2024-03-18 01:37:15,668 [WARN] DbBoards:127 - board STEVAL-BFA001V2B has no document id list !
2024-03-18 01:37:15,668 [WARN] DbBoards:127 - board STEVAL-IDP005V1 has no document id list !
2024-03-18 01:37:15,668 [WARN] DbBoards:127 - board STEVAL-IDP005V2 has no document id list !
2024-03-18 01:37:15,668 [WARN] DbBoards:127 - board STEVAL-MKSBOX1V1 has no document id list !
2024-03-18 01:37:15,668 [WARN] DbBoards:127 - board STEVAL-STWINKT1 has no document id list !
2024-03-18 01:37:15,668 [WARN] DbBoards:127 - board STEVAL-STWINKT1B has no document id list !
2024-03-18 01:37:15,668 [WARN] DbBoards:127 - board STM32439I-EVAL2 has no document id list !
2024-03-18 01:37:15,668 [WARN] DbBoards:127 - board STM32F401C-DISCO has no document id list !
2024-03-18 01:37:15,669 [WARN] DbBoards:127 - board STM32F769I-DISC1 has no document id list !
2024-03-18 01:37:15,669 [WARN] DbBoards:127 - board STM32G474E-EVAL1 has no document id list !
2024-03-18 01:37:15,669 [WARN] DbBoards:127 - board STM32H743I-EVAL2 has no document id list !
2024-03-18 01:37:15,669 [WARN] DbBoards:127 - board STM32H747I-DISC1 has no document id list !
2024-03-18 01:37:15,670 [WARN] DbBoards:127 - board STM32H753I-EVAL2 has no document id list !
2024-03-18 01:37:15,670 [WARN] DbBoards:127 - board STM32L-DISCOVERY has no document id list !
2024-03-18 01:37:15,793 [ERROR] DbBoards:189 - Image file not found for board B-U585I-IOT02A: D:\STM32CubeIDE_1.7.0\STM32CubeIDE\plugins\com.st.stm32cube.common.mx_6.3.0.202107141111\\db\/plugins/mcufinder/images/boards/B-U585I-IOT02A_small.jpg
2024-03-18 01:37:15,901 [ERROR] DbBoards:189 - Image file not found for board NUCLEO-F413ZH: D:\STM32CubeIDE_1.7.0\STM32CubeIDE\plugins\com.st.stm32cube.common.mx_6.3.0.202107141111\\db\/plugins/mcufinder/images/boards/nucleo-f413zh_small.jpg
2024-03-18 01:37:16,092 [ERROR] DbBoards:189 - Image file not found for board NUCLEO-L552ZE-Q: D:\STM32CubeIDE_1.7.0\STM32CubeIDE\plugins\com.st.stm32cube.common.mx_6.3.0.202107141111\\db\/plugins/mcufinder/images/boards/nucleo_l552ze_q_small.jpg
2024-03-18 01:37:16,092 [ERROR] DbBoards:189 - Image file not found for board NUCLEO-U575ZI-Q: D:\STM32CubeIDE_1.7.0\STM32CubeIDE\plugins\com.st.stm32cube.common.mx_6.3.0.202107141111\\db\/plugins/mcufinder/images/boards/nucleo-u575zi-q_small.jpg
2024-03-18 01:37:16,093 [ERROR] DbBoards:189 - Image file not found for board NUCLEO-WB15CC: D:\STM32CubeIDE_1.7.0\STM32CubeIDE\plugins\com.st.stm32cube.common.mx_6.3.0.202107141111\\db\/plugins/mcufinder/images/boards/nucleo-wb15cc_small.jpg
2024-03-18 01:37:16,093 [ERROR] DbBoards:189 - Image file not found for board NUCLEO-WB55RG: D:\STM32CubeIDE_1.7.0\STM32CubeIDE\plugins\com.st.stm32cube.common.mx_6.3.0.202107141111\\db\/plugins/mcufinder/images/boards/nucleo-wb55rg_small.jpg
2024-03-18 01:37:17,278 [INFO] ApiDb:251 - Load user favorites file C:\Users\HP/.stm32cubeide/favorites.boards.txt: 0 item(s)
2024-03-18 01:37:17,279 [INFO] ApiDb:255 - User favorites Boards=[]
2024-03-18 01:37:17,279 [INFO] DbBoards:206 - Set 0 / 0 favorites Boards
2024-03-18 01:37:17,807 [INFO] McuFinderGlobals:52 - Set McuFinderConnectedMode to false
2024-03-18 01:37:17,825 [INFO] CrossSelectorPresenter:1330 - Cross Selector saved comparison directory: C:\Users\HP\.stmcufinder\plugins\mcufinder\mcu\cs_comparisons_mx
2024-03-18 01:37:17,826 [INFO] MultiScanPanel:197 - Auto-refresh data requested => check proxy status ongoing
2024-03-18 01:37:17,826 [INFO] MultiScanPanel:201 - Proxy status is invalid
2024-03-18 01:37:17,827 [INFO] FinderPluginLoader:87 - Searching for filters in installed packs
2024-03-18 01:37:18,209 [INFO] DetailPanel:309 - Set advertising image to C:/Users/HP/STM32Cube/Repository/\en.prom-stm32wl3-mcu-finder.jpg
2024-03-18 01:37:34,603 [INFO] DbMcusDocs:143 - JSON generation date=Tue Nov 16 23:17:54 ICT 2021 (1637079474)
2024-03-18 01:37:34,989 [INFO] DbMcusDocs:79 - Found 682 MCUs documents
2024-03-18 01:37:48,653 [INFO] MainUpdater:2671 - connection check result : 10
2024-03-18 01:37:48,653 [INFO] MainUpdater:2671 - connection check result : 10
2024-03-18 01:37:48,696 [INFO] MicroXplorer:448 - Change Database Path : 
2024-03-18 01:37:48,697 [INFO] MicroXplorer:478 - Change Database Version : DB.6.0.30
2024-03-18 01:37:48,697 [WARN] ThirdParty:813 - waiting for thirdparty lock release [close project]
2024-03-18 01:37:48,697 [INFO] ThirdParty:815 - entering critical section [close project]
2024-03-18 01:37:48,698 [INFO] ThirdParty:825 - exiting critical section [close project]
2024-03-18 01:37:48,703 [INFO] PinOutPanel:1463 - setPackage(No Configuration,No Configuration)
2024-03-18 01:37:48,704 [INFO] UtilMem:74 - Begin LoadConfig() Used Memory: 412519768 Bytes (508559360)
2024-03-18 01:37:48,706 [INFO] MicroXplorer:448 - Change Database Path : 
2024-03-18 01:37:48,706 [INFO] MicroXplorer:478 - Change Database Version : DB.6.0.30
2024-03-18 01:37:48,706 [INFO] OpenFileManager:313 - Change cursor
2024-03-18 01:37:49,589 [INFO] Context:592 - Trying to add GPIOservice into a context  which must be forbidden
2024-03-18 01:37:49,804 [INFO] ImportTextPane:167 - (OptionalMessage_ERROR) Unable to find key (Mcu.ThirdPartyNb) in loaded IOC file
2024-03-18 01:37:49,804 [INFO] ImportTextPane:167 - (OptionalMessage_ERROR) Unable to find key (Mcu.PinsNb) in loaded IOC file
2024-03-18 01:37:49,804 [INFO] ImportTextPane:167 - (OptionalMessage_ERROR) Unable to find key (Mcu.IPNb) in loaded IOC file
2024-03-18 01:37:49,849 [WARN] ApiManager:304 - Cannot register API 'Board Extension:GNSS1A1' from pack STMicroelectronics.X-CUBE-GNSS1.6.0.0: no header file found
2024-03-18 01:37:49,849 [WARN] ApiManager:304 - Cannot register API 'Board Support:Custom' from pack STMicroelectronics.X-CUBE-GNSS1.6.0.0: no header file found
2024-03-18 01:37:49,849 [WARN] ApiManager:304 - Cannot register API 'Data Exchange:lib_gnss' from pack STMicroelectronics.X-CUBE-GNSS1.6.0.0: no header file found
2024-03-18 01:37:49,857 [WARN] ApiManager:304 - Cannot register API 'Wireless:BlueNRG-MS' from pack STMicroelectronics.X-CUBE-BLE1.7.0.0: no header file found
2024-03-18 01:37:49,860 [WARN] ApiManager:304 - Cannot register API 'Board Extension:EEPRMA2' from pack STMicroelectronics.X-CUBE-EEPRMA1.5.1.0: no header file found
2024-03-18 01:37:49,860 [WARN] ApiManager:304 - Cannot register API 'Board Extension:PGEEZ1' from pack STMicroelectronics.X-CUBE-EEPRMA1.5.1.0: no header file found
2024-03-18 01:37:49,860 [WARN] ApiManager:304 - Cannot register API 'Board Extension:EEICA1' from pack STMicroelectronics.X-CUBE-EEPRMA1.5.1.0: no header file found
2024-03-18 01:37:49,860 [WARN] ApiManager:304 - Cannot register API 'Board Part:M24' from pack STMicroelectronics.X-CUBE-EEPRMA1.5.1.0: no header file found
2024-03-18 01:37:49,860 [WARN] ApiManager:304 - Cannot register API 'Board Part:M95' from pack STMicroelectronics.X-CUBE-EEPRMA1.5.1.0: no header file found
2024-03-18 01:37:49,860 [WARN] ApiManager:304 - Cannot register API 'Board Part:M95P32' from pack STMicroelectronics.X-CUBE-EEPRMA1.5.1.0: no header file found
2024-03-18 01:37:49,860 [WARN] ApiManager:304 - Cannot register API 'Board Part:M24256E-F' from pack STMicroelectronics.X-CUBE-EEPRMA1.5.1.0: no header file found
2024-03-18 01:37:49,860 [WARN] ApiManager:304 - Cannot register API 'Board Part:M24M01E-F' from pack STMicroelectronics.X-CUBE-EEPRMA1.5.1.0: no header file found
2024-03-18 01:37:49,860 [WARN] ApiManager:304 - Cannot register API 'PGEEZ1:SPI' from pack STMicroelectronics.X-CUBE-EEPRMA1.5.1.0: no header file found
2024-03-18 01:37:49,860 [WARN] ApiManager:304 - Cannot register API 'PGEEZ1:QDSPI' from pack STMicroelectronics.X-CUBE-EEPRMA1.5.1.0: no header file found
2024-03-18 01:37:49,864 [WARN] ModelIntegratedComponent:60 - No mode defined for component null
2024-03-18 01:37:49,864 [WARN] ModelIntegratedComponent:60 - No mode defined for component null
2024-03-18 01:37:49,864 [WARN] ModelIntegratedComponent:60 - No mode defined for component null
2024-03-18 01:37:49,864 [WARN] ModelIntegratedComponent:60 - No mode defined for component null
2024-03-18 01:37:49,864 [WARN] ModelIntegratedComponent:60 - No mode defined for component null
2024-03-18 01:37:49,864 [WARN] ModelIntegratedComponent:60 - No mode defined for component null
2024-03-18 01:37:49,864 [WARN] ModelIntegratedComponent:60 - No mode defined for component null
2024-03-18 01:37:49,864 [WARN] ModelIntegratedComponent:60 - No mode defined for component null
2024-03-18 01:37:49,864 [WARN] ModelIntegratedComponent:60 - No mode defined for component null
2024-03-18 01:37:49,865 [WARN] ModelIntegratedComponent:60 - No mode defined for component null
2024-03-18 01:37:49,865 [WARN] ModelIntegratedComponent:60 - No mode defined for component null
2024-03-18 01:37:49,865 [WARN] ModelIntegratedComponent:60 - No mode defined for component null
2024-03-18 01:37:49,865 [WARN] ModelIntegratedComponent:60 - No mode defined for component null
2024-03-18 01:37:49,865 [WARN] ModelIntegratedComponent:60 - No mode defined for component null
2024-03-18 01:37:49,865 [WARN] ModelIntegratedComponent:60 - No mode defined for component null
2024-03-18 01:37:49,865 [WARN] ModelIntegratedComponent:60 - No mode defined for component null
2024-03-18 01:37:49,865 [WARN] ModelIntegratedComponent:60 - No mode defined for component null
2024-03-18 01:37:49,865 [WARN] ModelIntegratedComponent:60 - No mode defined for component null
2024-03-18 01:37:49,865 [WARN] ModelIntegratedComponent:60 - No mode defined for component null
2024-03-18 01:37:49,865 [WARN] ModelIntegratedComponent:60 - No mode defined for component null
2024-03-18 01:37:49,866 [WARN] ModelIntegratedComponent:60 - No mode defined for component null
2024-03-18 01:37:49,866 [WARN] ModelIntegratedComponent:60 - No mode defined for component null
2024-03-18 01:37:49,866 [WARN] ModelIntegratedComponent:60 - No mode defined for component null
2024-03-18 01:37:49,866 [WARN] ModelIntegratedComponent:60 - No mode defined for component null
2024-03-18 01:37:49,866 [WARN] ModelIntegratedComponent:60 - No mode defined for component null
2024-03-18 01:37:49,866 [WARN] ModelIntegratedComponent:60 - No mode defined for component null
2024-03-18 01:37:49,866 [WARN] ModelIntegratedComponent:60 - No mode defined for component null
2024-03-18 01:37:49,866 [WARN] ModelIntegratedComponent:60 - No mode defined for component null
2024-03-18 01:37:49,866 [WARN] ModelIntegratedComponent:60 - No mode defined for component null
2024-03-18 01:37:49,866 [WARN] ModelIntegratedComponent:60 - No mode defined for component null
2024-03-18 01:37:49,866 [WARN] ModelIntegratedComponent:60 - No mode defined for component null
2024-03-18 01:37:50,103 [WARN] ApiManager:304 - Cannot register API 'Board Extension:IKS01A3' from pack STMicroelectronics.X-CUBE-MEMS1.10.0.0: no header file found
2024-03-18 01:37:50,104 [WARN] ApiManager:304 - Cannot register API 'Board Extension:IKS02A1' from pack STMicroelectronics.X-CUBE-MEMS1.10.0.0: no header file found
2024-03-18 01:37:50,105 [WARN] ApiManager:304 - Cannot register API 'Board Extension:IKS4A1' from pack STMicroelectronics.X-CUBE-MEMS1.10.0.0: no header file found
2024-03-18 01:37:50,117 [WARN] ApiManager:304 - Cannot register API 'Board Extension:NFC07A1' from pack STMicroelectronics.X-CUBE-NFC7.1.0.1: no header file found
2024-03-18 01:37:50,121 [WARN] ApiManager:304 - Cannot register API 'Board Extension:NFC06A1' from pack STMicroelectronics.X-CUBE-NFC6.3.0.0: no header file found
2024-03-18 01:37:50,122 [WARN] ApiManager:304 - Cannot register API 'Board Extension:NFC08A1' from pack STMicroelectronics.X-CUBE-NFC6.3.0.0: no header file found
2024-03-18 01:37:50,135 [INFO] RtosManager:484 - Registered RTOS mode: class=CMSIS, group=RTOS, mode=CMSIS_V1, owner=FREERTOS
2024-03-18 01:37:50,136 [INFO] RtosManager:484 - Registered RTOS mode: class=CMSIS, group=RTOS2, mode=CMSIS_V2, owner=FREERTOS
2024-03-18 01:37:50,136 [INFO] RtosManager:484 - Registered RTOS mode: class=RTOS, group=Core, mode=CMSIS_V1, owner=FREERTOS
2024-03-18 01:37:50,136 [INFO] RtosManager:484 - Registered RTOS mode: class=RTOS, group=Core, mode=CMSIS_V2, owner=FREERTOS
2024-03-18 01:37:50,136 [WARN] ModelIntegratedComponent:181 - Missing modes for component STMicroelectronics:FreeRTOS:0.0.1:STMicroelectronics:RTOS:FreeRTOS:Core:::10.2.0:
2024-03-18 01:37:50,139 [WARN] ApiManager:304 - Cannot register API 'Board Extension:NFC04A1' from pack STMicroelectronics.X-CUBE-NFC4.3.0.0: no header file found
2024-03-18 01:37:50,145 [WARN] ApiManager:304 - Cannot register API 'Board Extension:S2868A1' from pack STMicroelectronics.X-CUBE-SUBG2.5.0.0: no header file found
2024-03-18 01:37:50,146 [WARN] ApiManager:304 - Cannot register API 'Board Extension:S2868A2' from pack STMicroelectronics.X-CUBE-SUBG2.5.0.0: no header file found
2024-03-18 01:37:50,146 [WARN] ApiManager:304 - Cannot register API 'Board Extension:S2915A1' from pack STMicroelectronics.X-CUBE-SUBG2.5.0.0: no header file found
2024-03-18 01:37:50,163 [WARN] ApiManager:304 - Cannot register API 'Board Extension:S2868A1' from pack STMicroelectronics.X-CUBE-SFXS2LP1.4.0.0: no header file found
2024-03-18 01:37:50,164 [WARN] ApiManager:304 - Cannot register API 'Board Extension:S2868A2' from pack STMicroelectronics.X-CUBE-SFXS2LP1.4.0.0: no header file found
2024-03-18 01:37:50,164 [WARN] ApiManager:304 - Cannot register API 'Board Extension:S2915A1' from pack STMicroelectronics.X-CUBE-SFXS2LP1.4.0.0: no header file found
2024-03-18 01:37:50,165 [WARN] ApiManager:304 - Cannot register API 'Wireless:BlueNRG-2' from pack STMicroelectronics.X-CUBE-BLE2.3.3.0: no header file found
2024-03-18 01:37:51,988 [INFO] UtilMem:74 - End LoadConfig() Used Memory: 429180000 Bytes (553648128)
2024-03-18 01:37:51,991 [WARN] ThirdParty:779 - waiting for thirdparty lock release [change project]
2024-03-18 01:37:51,991 [INFO] ThirdParty:781 - entering critical section [change project]
2024-03-18 01:37:51,992 [INFO] ThirdParty:967 - CMSIS Pack Vendor :STMicroelectronics X-CUBE-GNSS1 6.0.0
2024-03-18 01:37:51,992 [INFO] ThirdParty:967 - CMSIS Pack Vendor :STMicroelectronics USB_HOST 2.0.0
2024-03-18 01:37:51,992 [INFO] ThirdParty:967 - CMSIS Pack Vendor :STMicroelectronics X-CUBE-AZRTOS-F4 1.1.0
2024-03-18 01:37:51,992 [INFO] ThirdParty:967 - CMSIS Pack Vendor :STMicroelectronics X-CUBE-BLE1 7.0.0
2024-03-18 01:37:51,992 [INFO] ThirdParty:967 - CMSIS Pack Vendor :STMicroelectronics FP-ATR-SIGFOX1 3.2.0
2024-03-18 01:37:51,992 [INFO] ThirdParty:967 - CMSIS Pack Vendor :STMicroelectronics X-CUBE-ISPU 2.0.0
2024-03-18 01:37:51,992 [INFO] ThirdParty:967 - CMSIS Pack Vendor :STMicroelectronics USB_DEVICE 3.0.0
2024-03-18 01:37:51,992 [INFO] ThirdParty:967 - CMSIS Pack Vendor :STMicroelectronics X-CUBE-EEPRMA1 5.1.0
2024-03-18 01:37:51,992 [INFO] ThirdParty:967 - CMSIS Pack Vendor :STMicroelectronics HAL Drivers 0.0.0
2024-03-18 01:37:51,992 [INFO] ThirdParty:967 - CMSIS Pack Vendor :STMicroelectronics MBEDTLS 2.16.2
2024-03-18 01:37:51,992 [INFO] ThirdParty:967 - CMSIS Pack Vendor :STMicroelectronics X-CUBE-AZRTOS-WB 2.0.0
2024-03-18 01:37:51,992 [INFO] ThirdParty:967 - CMSIS Pack Vendor :wolfSSL I-CUBE-wolfSSL 5.6.6
2024-03-18 01:37:51,992 [INFO] ThirdParty:967 - CMSIS Pack Vendor :STMicroelectronics X-CUBE-MEMS1 10.0.0
2024-03-18 01:37:51,992 [INFO] ThirdParty:967 - CMSIS Pack Vendor :STMicroelectronics X-CUBE-NFC7 1.0.1
2024-03-18 01:37:51,992 [INFO] ThirdParty:967 - CMSIS Pack Vendor :STMicroelectronics MBEDTLS 2.14.1
2024-03-18 01:37:51,993 [INFO] ThirdParty:967 - CMSIS Pack Vendor :STMicroelectronics X-CUBE-TOUCHGFX 4.23.0
2024-03-18 01:37:51,993 [INFO] ThirdParty:967 - CMSIS Pack Vendor :STMicroelectronics X-CUBE-AZRTOS-F7 1.1.0
2024-03-18 01:37:51,993 [INFO] ThirdParty:967 - CMSIS Pack Vendor :STMicroelectronics X-CUBE-AZRTOS-L5 2.0.0
2024-03-18 01:37:51,993 [INFO] ThirdParty:967 - CMSIS Pack Vendor :STMicroelectronics X-CUBE-NFC6 3.0.0
2024-03-18 01:37:51,993 [INFO] ThirdParty:967 - CMSIS Pack Vendor :portGmbH I-Cube-SoM-uGOAL 1.1.0
2024-03-18 01:37:51,993 [INFO] ThirdParty:967 - CMSIS Pack Vendor :STMicroelectronics X-CUBE-ALS 1.0.1
2024-03-18 01:37:51,993 [INFO] ThirdParty:967 - CMSIS Pack Vendor :STMicroelectronics USB_DEVICE 2.0.0
2024-03-18 01:37:51,993 [INFO] ThirdParty:967 - CMSIS Pack Vendor :STMicroelectronics X-CUBE-AZRTOS-WL 2.0.0
2024-03-18 01:37:51,993 [INFO] ThirdParty:967 - CMSIS Pack Vendor :STMicroelectronics X-CUBE-ALGOBUILD 1.3.0
2024-03-18 01:37:51,993 [INFO] ThirdParty:967 - CMSIS Pack Vendor :SEGGER I-CUBE-embOS 1.3.1
2024-03-18 01:37:51,993 [INFO] ThirdParty:967 - CMSIS Pack Vendor :STMicroelectronics FreeRTOS 0.0.1
2024-03-18 01:37:51,993 [INFO] ThirdParty:967 - CMSIS Pack Vendor :STMicroelectronics X-CUBE-AZRTOS-G0 1.1.0
2024-03-18 01:37:51,993 [INFO] ThirdParty:967 - CMSIS Pack Vendor :STMicroelectronics USB_DEVICE 1.0.0
2024-03-18 01:37:51,994 [INFO] ThirdParty:967 - CMSIS Pack Vendor :STMicroelectronics X-CUBE-AI 8.1.0
2024-03-18 01:37:51,994 [INFO] ThirdParty:967 - CMSIS Pack Vendor :STMicroelectronics X-CUBE-NFC4 3.0.0
2024-03-18 01:37:51,994 [INFO] ThirdParty:967 - CMSIS Pack Vendor :STMicroelectronics X-CUBE-SUBG2 5.0.0
2024-03-18 01:37:51,994 [INFO] ThirdParty:967 - CMSIS Pack Vendor :STMicroelectronics X-CUBE-AZRTOS-L4 2.0.0
2024-03-18 01:37:51,994 [INFO] ThirdParty:967 - CMSIS Pack Vendor :STMicroelectronics ThreadX 0.0.2
2024-03-18 01:37:51,994 [INFO] ThirdParty:967 - CMSIS Pack Vendor :WES I-CUBE-Cesium 1.3.0
2024-03-18 01:37:51,994 [INFO] ThirdParty:967 - CMSIS Pack Vendor :STMicroelectronics FP-ATR-ASTRA1 2.0.0
2024-03-18 01:37:51,994 [INFO] ThirdParty:967 - CMSIS Pack Vendor :STMicroelectronics lwIP 2.0.3
2024-03-18 01:37:51,994 [INFO] ThirdParty:967 - CMSIS Pack Vendor :STMicroelectronics lwIP 2.1.2
2024-03-18 01:37:51,994 [INFO] ThirdParty:967 - CMSIS Pack Vendor :STMicroelectronics X-CUBE-SFXS2LP1 4.0.0
2024-03-18 01:37:51,994 [INFO] ThirdParty:967 - CMSIS Pack Vendor :STMicroelectronics X-CUBE-BLE2 3.3.0
2024-03-18 01:37:51,995 [INFO] ThirdParty:967 - CMSIS Pack Vendor :STMicroelectronics USB_HOST 1.0.0
2024-03-18 01:37:51,995 [INFO] ThirdParty:967 - CMSIS Pack Vendor :STMicroelectronics X-CUBE-AZRTOS-G4 2.0.0
2024-03-18 01:37:51,995 [INFO] ThirdParty:967 - CMSIS Pack Vendor :STMicroelectronics X-CUBE-AZRTOS-H7 3.2.0
2024-03-18 01:37:51,995 [INFO] ThirdParty:967 - CMSIS Pack Vendor :STMicroelectronics PDM2PCM 3.1.0
2024-03-18 01:37:51,995 [INFO] ThirdParty:967 - CMSIS Pack Vendor :STMicroelectronics PDM2PCM 3.2.0
2024-03-18 01:37:51,995 [INFO] ThirdParty:967 - CMSIS Pack Vendor :STMicroelectronics PDM2PCM 3.3.0
2024-03-18 01:37:51,995 [INFO] ThirdParty:787 - exiting critical section [change project]
2024-03-18 01:37:52,246 [INFO] PinOutPanel:1463 - setPackage(No Configuration,No Configuration)
2024-03-18 01:37:52,247 [INFO] PinOutPanel:1463 - setPackage(STM32F103C6Ux,UFQFPN48)
2024-03-18 01:37:52,587 [INFO] UtilMem:74 - Before build in PCC Used Memory: 443614720 Bytes (574619648)
2024-03-18 01:37:53,195 [INFO] UtilMem:74 - After build in PCC Used Memory: 438890080 Bytes (574619648)
2024-03-18 01:37:53,212 [INFO] IPUIPlugin:74 - create IPUIPlugin
2024-03-18 01:37:53,213 [INFO] IPUIPlugin:74 - create IPUIPlugin
2024-03-18 01:37:53,213 [INFO] IPUIPlugin:74 - create IPUIPlugin
2024-03-18 01:37:53,213 [INFO] IPUIPlugin:74 - create IPUIPlugin
2024-03-18 01:37:53,213 [INFO] IPUIPlugin:74 - create IPUIPlugin
2024-03-18 01:37:53,213 [INFO] IPUIPlugin:74 - create IPUIPlugin
2024-03-18 01:37:53,214 [INFO] IPUIPlugin:74 - create IPUIPlugin
2024-03-18 01:37:53,214 [INFO] IPUIPlugin:74 - create IPUIPlugin
2024-03-18 01:37:53,214 [INFO] IPUIPlugin:74 - create IPUIPlugin
2024-03-18 01:37:53,214 [INFO] IPUIPlugin:74 - create IPUIPlugin
2024-03-18 01:37:53,214 [INFO] IPUIPlugin:74 - create IPUIPlugin
2024-03-18 01:37:53,215 [INFO] IPUIPlugin:74 - create IPUIPlugin
2024-03-18 01:37:53,215 [INFO] IPUIPlugin:74 - create IPUIPlugin
2024-03-18 01:37:53,215 [INFO] IPUIPlugin:74 - create IPUIPlugin
2024-03-18 01:37:53,215 [INFO] IPUIPlugin:74 - create IPUIPlugin
2024-03-18 01:37:53,216 [INFO] IPUIPlugin:74 - create IPUIPlugin
2024-03-18 01:37:53,216 [INFO] IPUIPlugin:74 - create IPUIPlugin
2024-03-18 01:37:53,216 [INFO] IPUIPlugin:74 - create IPUIPlugin
2024-03-18 01:37:53,216 [INFO] IPUIPlugin:74 - create IPUIPlugin
2024-03-18 01:37:53,217 [INFO] IPUIPlugin:74 - create IPUIPlugin
2024-03-18 01:37:53,217 [INFO] IPUIPlugin:74 - create IPUIPlugin
2024-03-18 01:37:53,218 [INFO] IPUIPlugin:74 - create IPUIPlugin
2024-03-18 01:37:53,218 [INFO] IPUIPlugin:74 - create IPUIPlugin
2024-03-18 01:37:53,323 [INFO] OpenFileManager:333 - Restore cursor
2024-03-18 01:37:53,582 [INFO] UtilMem:74 - End SaveConfig() Used Memory: 447434384 Bytes (574619648)
2024-03-18 01:37:53,652 [INFO] UtilMem:74 - End SaveConfig() Used Memory: 463057808 Bytes (574619648)
2024-03-18 01:37:53,999 [INFO] BlockDiagram:2740 - set Specific Code input for plugin: NVIC
2024-03-18 01:37:53,999 [INFO] BlockDiagram:2740 - set Specific Code input for plugin: SYS
2024-03-18 01:37:54,000 [INFO] BlockDiagram:2740 - set Specific Code input for plugin: RCC
2024-03-18 01:37:54,001 [INFO] CodeGenerator:663 - code generatio: config db path: D:\STM32CubeIDE_1.7.0\STM32CubeIDE\plugins\com.st.stm32cube.common.mx_6.3.0.202107141111\\db\
2024-03-18 01:37:54,389 [INFO] CodeEngine:239 - oldGeneratedFile, D:\InterruptEx1\Grieffingdoor_RTOS\exercise2\Exercise2-8\MXTmpFiles\license.tmp_save
2024-03-18 01:37:54,835 [INFO] CodeEngine:257 - Generated code: D:\InterruptEx1\Grieffingdoor_RTOS\exercise2\Exercise2-8\MXTmpFiles\license.tmp
2024-03-18 01:37:54,945 [INFO] CodeEngine:239 - oldGeneratedFile, D:\InterruptEx1\Grieffingdoor_RTOS\exercise2\Exercise2-8\Core\Src\stm32f1xx_it.c_save
2024-03-18 01:37:55,128 [INFO] CodeEngine:257 - Generated code: D:\InterruptEx1\Grieffingdoor_RTOS\exercise2\Exercise2-8\Core\Src\stm32f1xx_it.c
2024-03-18 01:37:55,131 [INFO] CodeEngine:239 - oldGeneratedFile, D:\InterruptEx1\Grieffingdoor_RTOS\exercise2\Exercise2-8\Core\Inc\stm32f1xx_it.h_save
2024-03-18 01:37:55,293 [INFO] CodeEngine:257 - Generated code: D:\InterruptEx1\Grieffingdoor_RTOS\exercise2\Exercise2-8\Core\Inc\stm32f1xx_it.h
2024-03-18 01:37:55,313 [INFO] CodeEngine:239 - oldGeneratedFile, D:\InterruptEx1\Grieffingdoor_RTOS\exercise2\Exercise2-8\Core\Src\stm32f1xx_hal_msp.c_save
2024-03-18 01:37:55,486 [INFO] CodeEngine:257 - Generated code: D:\InterruptEx1\Grieffingdoor_RTOS\exercise2\Exercise2-8\Core\Src\stm32f1xx_hal_msp.c
2024-03-18 01:37:55,491 [INFO] CodeEngine:239 - oldGeneratedFile, D:\InterruptEx1\Grieffingdoor_RTOS\exercise2\Exercise2-8\MXTmpFiles\system.tmp_save
2024-03-18 01:37:55,553 [INFO] CodeEngine:257 - Generated code: D:\InterruptEx1\Grieffingdoor_RTOS\exercise2\Exercise2-8\MXTmpFiles\system.tmp
2024-03-18 01:37:55,559 [INFO] CodeEngine:239 - oldGeneratedFile, D:\InterruptEx1\Grieffingdoor_RTOS\exercise2\Exercise2-8\Core\Inc\stm32f1xx_hal_conf.h_save
2024-03-18 01:37:55,673 [INFO] CodeEngine:257 - Generated code: D:\InterruptEx1\Grieffingdoor_RTOS\exercise2\Exercise2-8\Core\Inc\stm32f1xx_hal_conf.h
2024-03-18 01:37:55,714 [INFO] CodeEngine:239 - oldGeneratedFile, D:\InterruptEx1\Grieffingdoor_RTOS\exercise2\Exercise2-8\Core\Inc\main.h_save
2024-03-18 01:37:55,837 [INFO] CodeEngine:257 - Generated code: D:\InterruptEx1\Grieffingdoor_RTOS\exercise2\Exercise2-8\Core\Inc\main.h
2024-03-18 01:37:55,841 [INFO] CodeEngine:239 - oldGeneratedFile, D:\InterruptEx1\Grieffingdoor_RTOS\exercise2\Exercise2-8\Core\Src\main.c_save
2024-03-18 01:37:56,031 [INFO] CodeEngine:257 - Generated code: D:\InterruptEx1\Grieffingdoor_RTOS\exercise2\Exercise2-8\Core\Src\main.c
2024-03-18 01:37:57,359 [INFO] ProjectBuilder:2578 - Time for Copy HAL[1] : 86mS.
2024-03-18 01:37:57,366 [INFO] ProjectBuilder:3622 - Project Generator version: 3.14.1
2024-03-18 01:37:57,866 [INFO] ConfigFileManager:1271 - The Die is : DIE412
2024-03-18 01:37:57,897 [INFO] ApiDbMcu:468 - Load IP Config File for FATFS
2024-03-18 01:37:57,980 [INFO] ApiDbMcu:468 - Load IP Config File for FREERTOS
2024-03-18 01:37:58,010 [INFO] ApiDbMcu:468 - Load IP Config File for USB_DEVICE
2024-03-18 01:38:01,758 [INFO] ProjectBuilder:3789 - Time for Generating toolchain IDE Files: 4392mS.
2024-03-18 01:38:01,759 [INFO] ProjectBuilder:2457 - Time for Copy CMSIS : 1mS.
2024-03-18 01:38:01,760 [INFO] ProjectBuilder:2457 - Time for Copy CMSIS : 0mS.
2024-03-18 01:38:03,305 [INFO] McuFinderGlobals:52 - Set McuFinderConnectedMode to true
2024-03-18 01:38:03,307 [INFO] ApiDb:276 - Save user favorites file C:\Users\HP/.stm32cubeide/favorites.mcus.txt: 0 item(s)
2024-03-18 01:38:03,307 [INFO] ApiDb:280 - User favorites MCUs=[]
2024-03-18 01:38:34,756 [INFO] NvicIntPanel:96 - NVIC parent = com.st.microxplorer.plugins.ip.nvic.MultiNvicIntPanel[,0,0,0x0,invalid,layout=javax.swing.BoxLayout,alignmentX=0.0,alignmentY=0.0,border=,flags=9,maximumSize=,minimumSize=,preferredSize=]
2024-03-18 01:39:06,861 [INFO] NvicIntPanel:96 - NVIC parent = com.st.microxplorer.plugins.ip.nvic.MultiNvicIntPanel[,0,0,450x186,layout=javax.swing.BoxLayout,alignmentX=0.0,alignmentY=0.0,border=,flags=9,maximumSize=,minimumSize=,preferredSize=]
2024-03-18 01:42:56,538 [INFO] NvicIntPanel:96 - NVIC parent = com.st.microxplorer.plugins.ip.nvic.MultiNvicIntPanel[,0,0,0x0,invalid,layout=javax.swing.BoxLayout,alignmentX=0.0,alignmentY=0.0,border=,flags=9,maximumSize=,minimumSize=,preferredSize=]
2024-03-18 01:44:12,810 [INFO] NvicIntPanel:96 - NVIC parent = com.st.microxplorer.plugins.ip.nvic.MultiNvicIntPanel[,0,0,0x0,invalid,layout=javax.swing.BoxLayout,alignmentX=0.0,alignmentY=0.0,border=,flags=9,maximumSize=,minimumSize=,preferredSize=]
2024-03-18 01:45:04,524 [INFO] NvicIntPanel:96 - NVIC parent = com.st.microxplorer.plugins.ip.nvic.MultiNvicIntPanel[,0,0,0x0,invalid,layout=javax.swing.BoxLayout,alignmentX=0.0,alignmentY=0.0,border=,flags=9,maximumSize=,minimumSize=,preferredSize=]
2024-03-18 01:45:14,296 [INFO] NvicIntPanel:96 - NVIC parent = com.st.microxplorer.plugins.ip.nvic.MultiNvicIntPanel[,0,0,0x0,invalid,layout=javax.swing.BoxLayout,alignmentX=0.0,alignmentY=0.0,border=,flags=9,maximumSize=,minimumSize=,preferredSize=]
2024-03-18 01:45:43,762 [INFO] NvicIntPanel:96 - NVIC parent = com.st.microxplorer.plugins.ip.nvic.MultiNvicIntPanel[,0,0,0x0,invalid,layout=javax.swing.BoxLayout,alignmentX=0.0,alignmentY=0.0,border=,flags=9,maximumSize=,minimumSize=,preferredSize=]
2024-03-18 01:45:51,648 [INFO] NvicIntPanel:96 - NVIC parent = com.st.microxplorer.plugins.ip.nvic.MultiNvicIntPanel[,0,0,0x0,invalid,layout=javax.swing.BoxLayout,alignmentX=0.0,alignmentY=0.0,border=,flags=9,maximumSize=,minimumSize=,preferredSize=]
2024-03-18 01:46:20,093 [INFO] NvicIntPanel:96 - NVIC parent = com.st.microxplorer.plugins.ip.nvic.MultiNvicIntPanel[,0,0,0x0,invalid,layout=javax.swing.BoxLayout,alignmentX=0.0,alignmentY=0.0,border=,flags=9,maximumSize=,minimumSize=,preferredSize=]
2024-03-18 01:46:35,470 [INFO] NvicIntPanel:96 - NVIC parent = com.st.microxplorer.plugins.ip.nvic.MultiNvicIntPanel[,0,0,0x0,invalid,layout=javax.swing.BoxLayout,alignmentX=0.0,alignmentY=0.0,border=,flags=9,maximumSize=,minimumSize=,preferredSize=]
2024-03-18 01:46:41,993 [INFO] NvicIntPanel:96 - NVIC parent = com.st.microxplorer.plugins.ip.nvic.MultiNvicIntPanel[,0,0,0x0,invalid,layout=javax.swing.BoxLayout,alignmentX=0.0,alignmentY=0.0,border=,flags=9,maximumSize=,minimumSize=,preferredSize=]
2024-03-18 01:46:50,316 [INFO] NvicIntPanel:96 - NVIC parent = com.st.microxplorer.plugins.ip.nvic.MultiNvicIntPanel[,0,0,0x0,invalid,layout=javax.swing.BoxLayout,alignmentX=0.0,alignmentY=0.0,border=,flags=9,maximumSize=,minimumSize=,preferredSize=]
2024-03-18 01:46:56,628 [INFO] NvicIntPanel:96 - NVIC parent = com.st.microxplorer.plugins.ip.nvic.MultiNvicIntPanel[,0,0,0x0,invalid,layout=javax.swing.BoxLayout,alignmentX=0.0,alignmentY=0.0,border=,flags=9,maximumSize=,minimumSize=,preferredSize=]
2024-03-18 01:47:05,014 [INFO] NvicIntPanel:96 - NVIC parent = com.st.microxplorer.plugins.ip.nvic.MultiNvicIntPanel[,0,0,0x0,invalid,layout=javax.swing.BoxLayout,alignmentX=0.0,alignmentY=0.0,border=,flags=9,maximumSize=,minimumSize=,preferredSize=]
2024-03-18 01:47:12,320 [INFO] NvicIntPanel:96 - NVIC parent = com.st.microxplorer.plugins.ip.nvic.MultiNvicIntPanel[,0,0,0x0,invalid,layout=javax.swing.BoxLayout,alignmentX=0.0,alignmentY=0.0,border=,flags=9,maximumSize=,minimumSize=,preferredSize=]
2024-03-18 01:54:44,723 [INFO] UtilMem:74 - End SaveConfig() Used Memory: 844122592 Bytes (1001390080)
2024-03-18 01:54:46,224 [INFO] UtilMem:74 - End SaveConfig() Used Memory: 865060216 Bytes (1001390080)
2024-03-18 01:54:47,684 [INFO] UtilMem:74 - End SaveConfig() Used Memory: 856650840 Bytes (1001390080)
2024-03-18 01:54:48,111 [INFO] BlockDiagram:2740 - set Specific Code input for plugin: NVIC
2024-03-18 01:54:48,112 [INFO] BlockDiagram:2740 - set Specific Code input for plugin: SYS
2024-03-18 01:54:48,112 [INFO] BlockDiagram:2740 - set Specific Code input for plugin: GPIO
2024-03-18 01:54:48,112 [INFO] BlockDiagram:2740 - set Specific Code input for plugin: RCC
2024-03-18 01:54:48,112 [INFO] BlockDiagram:2740 - set Specific Code input for plugin: TIM1_8F1
2024-03-18 01:54:48,114 [INFO] CodeGenerator:663 - code generatio: config db path: D:\STM32CubeIDE_1.7.0\STM32CubeIDE\plugins\com.st.stm32cube.common.mx_6.3.0.202107141111\\db\
2024-03-18 01:54:48,515 [INFO] CodeEngine:239 - oldGeneratedFile, D:\InterruptEx1\Grieffingdoor_RTOS\exercise2\Exercise2-8\MXTmpFiles\license.tmp_save
2024-03-18 01:54:48,640 [INFO] CodeEngine:257 - Generated code: D:\InterruptEx1\Grieffingdoor_RTOS\exercise2\Exercise2-8\MXTmpFiles\license.tmp
2024-03-18 01:54:48,763 [INFO] CodeEngine:239 - oldGeneratedFile, D:\InterruptEx1\Grieffingdoor_RTOS\exercise2\Exercise2-8\MXTmpFiles\gpio.tmp_save
2024-03-18 01:54:48,847 [INFO] CodeEngine:257 - Generated code: D:\InterruptEx1\Grieffingdoor_RTOS\exercise2\Exercise2-8\MXTmpFiles\gpio.tmp
2024-03-18 01:54:49,022 [INFO] CodeEngine:239 - oldGeneratedFile, D:\InterruptEx1\Grieffingdoor_RTOS\exercise2\Exercise2-8\Core\Src\stm32f1xx_it.c_save
2024-03-18 01:54:49,115 [INFO] CodeEngine:257 - Generated code: D:\InterruptEx1\Grieffingdoor_RTOS\exercise2\Exercise2-8\Core\Src\stm32f1xx_it.c
2024-03-18 01:54:49,120 [INFO] CodeEngine:239 - oldGeneratedFile, D:\InterruptEx1\Grieffingdoor_RTOS\exercise2\Exercise2-8\Core\Inc\stm32f1xx_it.h_save
2024-03-18 01:54:49,187 [INFO] CodeEngine:257 - Generated code: D:\InterruptEx1\Grieffingdoor_RTOS\exercise2\Exercise2-8\Core\Inc\stm32f1xx_it.h
2024-03-18 01:54:49,205 [INFO] CodeEngine:239 - oldGeneratedFile, D:\InterruptEx1\Grieffingdoor_RTOS\exercise2\Exercise2-8\Core\Src\stm32f1xx_hal_msp.c_save
2024-03-18 01:54:49,286 [INFO] CodeEngine:257 - Generated code: D:\InterruptEx1\Grieffingdoor_RTOS\exercise2\Exercise2-8\Core\Src\stm32f1xx_hal_msp.c
2024-03-18 01:54:49,288 [INFO] CodeEngine:239 - oldGeneratedFile, D:\InterruptEx1\Grieffingdoor_RTOS\exercise2\Exercise2-8\MXTmpFiles\system.tmp_save
2024-03-18 01:54:49,365 [INFO] CodeEngine:257 - Generated code: D:\InterruptEx1\Grieffingdoor_RTOS\exercise2\Exercise2-8\MXTmpFiles\system.tmp
2024-03-18 01:54:49,379 [INFO] CodeEngine:239 - oldGeneratedFile, D:\InterruptEx1\Grieffingdoor_RTOS\exercise2\Exercise2-8\Core\Inc\stm32f1xx_hal_conf.h_save
2024-03-18 01:54:49,464 [INFO] CodeEngine:257 - Generated code: D:\InterruptEx1\Grieffingdoor_RTOS\exercise2\Exercise2-8\Core\Inc\stm32f1xx_hal_conf.h
2024-03-18 01:54:49,479 [WARN] IPConfigManager:3148 - IP not found : TIM
2024-03-18 01:54:49,480 [WARN] CodeGenerator:3268 - IP not found : null
2024-03-18 01:54:49,494 [INFO] CodeEngine:239 - oldGeneratedFile, D:\InterruptEx1\Grieffingdoor_RTOS\exercise2\Exercise2-8\Core\Inc\main.h_save
2024-03-18 01:54:49,576 [INFO] CodeEngine:257 - Generated code: D:\InterruptEx1\Grieffingdoor_RTOS\exercise2\Exercise2-8\Core\Inc\main.h
2024-03-18 01:54:49,589 [INFO] CodeEngine:239 - oldGeneratedFile, D:\InterruptEx1\Grieffingdoor_RTOS\exercise2\Exercise2-8\Core\Src\main.c_save
2024-03-18 01:54:49,754 [INFO] CodeEngine:257 - Generated code: D:\InterruptEx1\Grieffingdoor_RTOS\exercise2\Exercise2-8\Core\Src\main.c
2024-03-18 01:54:51,194 [INFO] ProjectBuilder:2578 - Time for Copy HAL[1] : 77mS.
2024-03-18 01:54:51,197 [INFO] ProjectBuilder:3622 - Project Generator version: 3.14.1
2024-03-18 01:54:51,633 [INFO] ConfigFileManager:1271 - The Die is : DIE412
2024-03-18 01:54:54,005 [INFO] ProjectBuilder:3789 - Time for Generating toolchain IDE Files: 2808mS.
2024-03-18 01:54:54,006 [INFO] ProjectBuilder:2457 - Time for Copy CMSIS : 0mS.
2024-03-18 01:54:54,007 [INFO] ProjectBuilder:2457 - Time for Copy CMSIS : 0mS.
2024-03-18 02:05:16,156 [INFO] NvicIntPanel:96 - NVIC parent = com.st.microxplorer.plugins.ip.nvic.MultiNvicIntPanel[,0,0,0x0,invalid,layout=javax.swing.BoxLayout,alignmentX=0.0,alignmentY=0.0,border=,flags=9,maximumSize=,minimumSize=,preferredSize=]
2024-03-18 02:05:18,778 [INFO] NvicIntPanel:96 - NVIC parent = com.st.microxplorer.plugins.ip.nvic.MultiNvicIntPanel[,0,0,0x0,invalid,layout=javax.swing.BoxLayout,alignmentX=0.0,alignmentY=0.0,border=,flags=9,maximumSize=,minimumSize=,preferredSize=]
2024-03-18 02:05:55,257 [INFO] UtilMem:74 - End SaveConfig() Used Memory: 863279600 Bytes (1073741824)
2024-03-18 02:05:56,954 [INFO] UtilMem:74 - End SaveConfig() Used Memory: 888787880 Bytes (1073741824)
2024-03-18 02:05:57,215 [INFO] UtilMem:74 - End SaveConfig() Used Memory: 941743016 Bytes (1073741824)
2024-03-18 02:05:57,632 [INFO] BlockDiagram:2740 - set Specific Code input for plugin: NVIC
2024-03-18 02:05:57,633 [INFO] BlockDiagram:2740 - set Specific Code input for plugin: SYS
2024-03-18 02:05:57,633 [INFO] BlockDiagram:2740 - set Specific Code input for plugin: GPIO
2024-03-18 02:05:57,633 [INFO] BlockDiagram:2740 - set Specific Code input for plugin: RCC
2024-03-18 02:05:57,633 [INFO] BlockDiagram:2740 - set Specific Code input for plugin: TIM1_8F1
2024-03-18 02:05:57,634 [INFO] CodeGenerator:663 - code generatio: config db path: D:\STM32CubeIDE_1.7.0\STM32CubeIDE\plugins\com.st.stm32cube.common.mx_6.3.0.202107141111\\db\
2024-03-18 02:05:58,294 [INFO] CodeEngine:239 - oldGeneratedFile, D:\InterruptEx1\Grieffingdoor_RTOS\exercise2\Exercise2-8\MXTmpFiles\license.tmp_save
2024-03-18 02:05:58,442 [INFO] CodeEngine:257 - Generated code: D:\InterruptEx1\Grieffingdoor_RTOS\exercise2\Exercise2-8\MXTmpFiles\license.tmp
2024-03-18 02:05:58,475 [INFO] CodeEngine:239 - oldGeneratedFile, D:\InterruptEx1\Grieffingdoor_RTOS\exercise2\Exercise2-8\MXTmpFiles\gpio.tmp_save
2024-03-18 02:05:58,592 [INFO] CodeEngine:257 - Generated code: D:\InterruptEx1\Grieffingdoor_RTOS\exercise2\Exercise2-8\MXTmpFiles\gpio.tmp
2024-03-18 02:05:58,677 [INFO] CodeEngine:239 - oldGeneratedFile, D:\InterruptEx1\Grieffingdoor_RTOS\exercise2\Exercise2-8\Core\Src\stm32f1xx_it.c_save
2024-03-18 02:05:58,801 [INFO] CodeEngine:257 - Generated code: D:\InterruptEx1\Grieffingdoor_RTOS\exercise2\Exercise2-8\Core\Src\stm32f1xx_it.c
2024-03-18 02:05:58,805 [INFO] CodeEngine:239 - oldGeneratedFile, D:\InterruptEx1\Grieffingdoor_RTOS\exercise2\Exercise2-8\Core\Inc\stm32f1xx_it.h_save
2024-03-18 02:05:58,885 [INFO] CodeEngine:257 - Generated code: D:\InterruptEx1\Grieffingdoor_RTOS\exercise2\Exercise2-8\Core\Inc\stm32f1xx_it.h
2024-03-18 02:05:58,900 [INFO] CodeEngine:239 - oldGeneratedFile, D:\InterruptEx1\Grieffingdoor_RTOS\exercise2\Exercise2-8\Core\Src\stm32f1xx_hal_msp.c_save
2024-03-18 02:05:59,003 [INFO] CodeEngine:257 - Generated code: D:\InterruptEx1\Grieffingdoor_RTOS\exercise2\Exercise2-8\Core\Src\stm32f1xx_hal_msp.c
2024-03-18 02:05:59,005 [INFO] CodeEngine:239 - oldGeneratedFile, D:\InterruptEx1\Grieffingdoor_RTOS\exercise2\Exercise2-8\MXTmpFiles\system.tmp_save
2024-03-18 02:05:59,056 [INFO] CodeEngine:257 - Generated code: D:\InterruptEx1\Grieffingdoor_RTOS\exercise2\Exercise2-8\MXTmpFiles\system.tmp
2024-03-18 02:05:59,075 [INFO] CodeEngine:239 - oldGeneratedFile, D:\InterruptEx1\Grieffingdoor_RTOS\exercise2\Exercise2-8\Core\Inc\stm32f1xx_hal_conf.h_save
2024-03-18 02:05:59,163 [INFO] CodeEngine:257 - Generated code: D:\InterruptEx1\Grieffingdoor_RTOS\exercise2\Exercise2-8\Core\Inc\stm32f1xx_hal_conf.h
2024-03-18 02:05:59,180 [WARN] IPConfigManager:3148 - IP not found : TIM
2024-03-18 02:05:59,181 [WARN] CodeGenerator:3268 - IP not found : null
2024-03-18 02:05:59,201 [INFO] CodeEngine:239 - oldGeneratedFile, D:\InterruptEx1\Grieffingdoor_RTOS\exercise2\Exercise2-8\Core\Inc\main.h_save
2024-03-18 02:05:59,291 [INFO] CodeEngine:257 - Generated code: D:\InterruptEx1\Grieffingdoor_RTOS\exercise2\Exercise2-8\Core\Inc\main.h
2024-03-18 02:05:59,301 [INFO] CodeEngine:239 - oldGeneratedFile, D:\InterruptEx1\Grieffingdoor_RTOS\exercise2\Exercise2-8\Core\Src\main.c_save
2024-03-18 02:05:59,422 [INFO] CodeEngine:257 - Generated code: D:\InterruptEx1\Grieffingdoor_RTOS\exercise2\Exercise2-8\Core\Src\main.c
2024-03-18 02:06:00,996 [INFO] ProjectBuilder:2578 - Time for Copy HAL[1] : 81mS.
2024-03-18 02:06:01,000 [INFO] ProjectBuilder:3622 - Project Generator version: 3.14.1
2024-03-18 02:06:01,565 [INFO] ConfigFileManager:1271 - The Die is : DIE412
2024-03-18 02:06:04,310 [INFO] ProjectBuilder:3789 - Time for Generating toolchain IDE Files: 3310mS.
2024-03-18 02:06:04,311 [INFO] ProjectBuilder:2457 - Time for Copy CMSIS : 1mS.
2024-03-18 02:06:04,313 [INFO] ProjectBuilder:2457 - Time for Copy CMSIS : 0mS.
